<?xml version="1.0" encoding="UTF-8"?>
<!-- Generated by org.testng.reporters.JUnitReportReporter -->
<testsuite skipped="0" hostname="Tanmoy-PC" name="testCases.Tests" tests="5" failures="0" timestamp="21 Apr 2019 15:24:16 GMT" time="22.770" errors="0">
  <testcase name="getStatusFromHomeTimeline" time="12.999" classname="testCases.Tests"/>
  <testcase name="postATweet" time="2.247" classname="testCases.Tests"/>
  <testcase name="deleteATweet" time="2.330" classname="testCases.Tests"/>
  <testcase name="postWelcomeMessage" time="3.507" classname="testCases.Tests"/>
  <testcase name="deleteWelcomeMessage" time="1.687" classname="testCases.Tests"/>
</testsuite> <!-- testCases.Tests -->
