<?xml version="1.0" encoding="UTF-8"?>
<!-- Generated by org.testng.reporters.JUnitReportReporter -->
<testsuite hostname="Tanmoy-PC" failures="0" tests="1" name="testCases.Tests" time="8.793" errors="0" timestamp="26 May 2019 05:30:22 GMT" skipped="0">
  <testcase classname="testCases.Tests" name="getStatusFromHomeTimeline" time="8.793"/>
</testsuite> <!-- testCases.Tests -->
