<?xml version="1.0" encoding="UTF-8"?>
<!-- Generated by org.testng.reporters.JUnitReportReporter -->
<testsuite skipped="0" hostname="Tanmoy-PC" name="resources.payloads.WelcomeMessage" tests="1" failures="0" timestamp="20 Apr 2019 13:22:18 GMT" time="0.059" errors="0">
  <testcase name="getMediaWelcomePayload" time="0.059" classname="resources.payloads.WelcomeMessage"/>
</testsuite> <!-- resources.payloads.WelcomeMessage -->
