<?xml version="1.0" encoding="UTF-8"?>
<!-- Generated by org.testng.reporters.JUnitReportReporter -->
<testsuite skipped="0" hostname="Tanmoy-PC" name="dataProvider.ConfigFileReader" tests="1" failures="0" timestamp="20 Apr 2019 06:15:40 GMT" time="0.052" errors="0">
  <testcase name="teststss" time="0.052" classname="dataProvider.ConfigFileReader"/>
</testsuite> <!-- dataProvider.ConfigFileReader -->
