<?xml version="1.0" encoding="UTF-8"?>
<!-- Generated by org.testng.reporters.JUnitReportReporter -->
<testsuite skipped="0" hostname="Tanmoy-PC" name="Tests" tests="2" failures="0" timestamp="20 Apr 2019 12:49:35 GMT" time="10.769" errors="0">
  <testcase name="postWelcomeMessage" time="9.530" classname="Tests"/>
  <testcase name="deleteWelcomeMessage" time="1.239" classname="Tests"/>
</testsuite> <!-- Tests -->
